<?xml version="1.0" encoding="UTF-8"?>
<testsuite xmlns:xsi="http://www.w3.org/2001/XMLSchema-instance" xsi:noNamespaceSchemaLocation="https://maven.apache.org/surefire/maven-surefire-plugin/xsd/surefire-test-report.xsd" version="3.0.2" name="com.project.fitness.FitnessMonolithApplicationTests" time="5.301" tests="1" errors="0" skipped="0" failures="0">
  <properties>
[...]
</properties>
  <testcase name="contextLoads" classname="com.project.fitness.FitnessMonolithApplicationTests" time="0.368">
    <system-out><![CDATA[18:19:27.308 [main] INFO org.springframework.test.context.support.AnnotationConfigContextLoaderUtils -- Could not detect default configuration classes for test class [com.project.fitness.FitnessMonolithApplicationTests]: FitnessMonolithApplicationTests does not declare any static, non-private, non-final, nested classes annotated with @Configuration.
18:19:27.411 [main] INFO org.springframework.boot.test.context.SpringBootTestContextBootstrapper -- Found @SpringBootConfiguration com.project.fitness.FitnessMonolithApplication for test class com.project.fitness.FitnessMonolithApplicationTests

  .   ____          _            __ _ _
 /\\ / ___'_ __ _ _(_)_ __  __ _ \ \ \ \
( ( )\___ | '_ | '_| | '_ \/ _` | \ \ \ \
 \\/  ___)| |_)| | | | | || (_| |  ) ) ) )
  '  |____| .__|_| |_|_| |_\__, | / / / /
 =========|_|==============|___/=/_/_/_/

 :: Spring Boot ::                (v3.4.2)

2026-09-19T18:19:27.805+05:30  INFO 25588 --- [fitness-monolith] [           main] c.p.f.FitnessMonolithApplicationTests    : Starting FitnessMonolithApplicationTests using Java 21.0.1 with PID 25588 (started by Nayan Mishra in C:\Users\Nayan Mishra\Downloads\fitness-monolith\fitness-monolith)
2026-09-19T18:19:27.807+05:30  INFO 25588 --- [fitness-monolith] [           main] c.p.f.FitnessMonolithApplicationTests    : No active profile set, falling back to 1 default profile: "default"
2026-09-19T18:19:27.827+05:30 DEBUG 25588 --- [fitness-monolith] [           main] o.s.w.c.s.GenericWebApplicationContext   : Refreshing org.springframework.web.context.support.GenericWebApplicationContext@438bad7c
2026-09-19T18:19:28.598+05:30  INFO 25588 --- [fitness-monolith] [           main] .s.d.r.c.RepositoryConfigurationDelegate : Bootstrapping Spring Data JPA repositories in DEFAULT mode.
2026-09-19T18:19:28.668+05:30  INFO 25588 --- [fitness-monolith] [           main] .s.d.r.c.RepositoryConfigurationDelegate : Finished Spring Data repository scanning in 54 ms. Found 3 JPA repository interfaces.
2026-09-19T18:19:29.143+05:30  INFO 25588 --- [fitness-monolith] [           main] o.hibernate.jpa.internal.util.LogHelper  : HHH000204: Processing PersistenceUnitInfo [name: default]
2026-09-19T18:19:29.210+05:30  INFO 25588 --- [fitness-monolith] [           main] org.hibernate.Version                    : HHH000412: Hibernate ORM core version 6.6.5.Final
2026-09-19T18:19:29.273+05:30  INFO 25588 --- [fitness-monolith] [           main] o.h.c.internal.RegionFactoryInitiator    : HHH000026: Second-level cache disabled
2026-09-19T18:19:29.605+05:30  INFO 25588 --- [fitness-monolith] [           main] o.s.o.j.p.SpringPersistenceUnitInfo      : No LoadTimeWeaver setup: ignoring JPA class transformer
2026-09-19T18:19:29.640+05:30  INFO 25588 --- [fitness-monolith] [           main] com.zaxxer.hikari.HikariDataSource       : HikariPool-1 - Starting...
2026-09-19T18:19:29.814+05:30  INFO 25588 --- [fitness-monolith] [           main] com.zaxxer.hikari.pool.HikariPool        : HikariPool-1 - Added connection conn0: url=jdbc:h2:mem:fitnessdb user=SA
2026-09-19T18:19:29.814+05:30  INFO 25588 --- [fitness-monolith] [           main] com.zaxxer.hikari.HikariDataSource       : HikariPool-1 - Start completed.
2026-09-19T18:19:29.870+05:30  INFO 25588 --- [fitness-monolith] [           main] org.hibernate.orm.connections.pooling    : HHH10001005: Database info:
	Database JDBC URL [Connecting through datasource 'HikariDataSource (HikariPool-1)']
	Database driver: undefined/unknown
	Database version: 2.3.232
	Autocommit mode: undefined/unknown
	Isolation level: undefined/unknown
	Minimum pool size: undefined/unknown
	Maximum pool size: undefined/unknown
2026-09-19T18:19:30.705+05:30  INFO 25588 --- [fitness-monolith] [           main] o.h.e.t.j.p.i.JtaPlatformInitiator       : HHH000489: No JTA platform available (set 'hibernate.transaction.jta.platform' to enable JTA platform integration)
2026-09-19T18:19:30.752+05:30 DEBUG 25588 --- [fitness-monolith] [           main] org.hibernate.SQL                        : 
    create table activity (
        id varchar(255) not null,
        additional_metrics json,
        calories_burned integer,
        created_at timestamp(6),
        duration integer,
        start_time timestamp(6),
        type enum ('CARDIO','CYCLING','HIIT','OTHER','RUNNING','STRETCHING','SWIMMING','WALKING','WEIGHT_TRAINING','YOGA'),
        updated_at timestamp(6),
        user_id varchar(255) not null,
        primary key (id)
    )
Hibernate: 
    create table activity (
        id varchar(255) not null,
        additional_metrics json,
        calories_burned integer,
        created_at timestamp(6),
        duration integer,
        start_time timestamp(6),
        type enum ('CARDIO','CYCLING','HIIT','OTHER','RUNNING','STRETCHING','SWIMMING','WALKING','WEIGHT_TRAINING','YOGA'),
        updated_at timestamp(6),
        user_id varchar(255) not null,
        primary key (id)
    )
2026-09-19T18:19:30.758+05:30 DEBUG 25588 --- [fitness-monolith] [           main] org.hibernate.SQL                        : 
    create table fitness_user (
        id varchar(255) not null,
        created_at timestamp(6),
        email varchar(255),
        first_name varchar(255),
        last_name varchar(255),
        password varchar(255),
        role enum ('ADMIN','USER'),
        updated_at timestamp(6),
        primary key (id)
    )
Hibernate: 
    create table fitness_user (
        id varchar(255) not null,
        created_at timestamp(6),
        email varchar(255),
        first_name varchar(255),
        last_name varchar(255),
        password varchar(255),
        role enum ('ADMIN','USER'),
        updated_at timestamp(6),
        primary key (id)
    )
2026-09-19T18:19:30.760+05:30 DEBUG 25588 --- [fitness-monolith] [           main] org.hibernate.SQL                        : 
    create table recommendation (
        id varchar(255) not null,
        created_at timestamp(6),
        improvements json,
        recommendation varchar(2000),
        safety json,
        suggestions json,
        type varchar(255),
        updated_at timestamp(6),
        activity_id varchar(255) not null,
        user_id varchar(255) not null,
        primary key (id)
    )
Hibernate: 
    create table recommendation (
        id varchar(255) not null,
        created_at timestamp(6),
        improvements json,
        recommendation varchar(2000),
        safety json,
        suggestions json,
        type varchar(255),
        updated_at timestamp(6),
        activity_id varchar(255) not null,
        user_id varchar(255) not null,
        primary key (id)
    )
2026-09-19T18:19:30.762+05:30 DEBUG 25588 --- [fitness-monolith] [           main] org.hibernate.SQL                        : 
    alter table if exists fitness_user 
       drop constraint if exists UKka640gbkjnj296fik7wmf8dss
Hibernate: 
    alter table if exists fitness_user 
       drop constraint if exists UKka640gbkjnj296fik7wmf8dss
2026-09-19T18:19:30.762+05:30 DEBUG 25588 --- [fitness-monolith] [           main] org.hibernate.SQL                        : 
    alter table if exists fitness_user 
       add constraint UKka640gbkjnj296fik7wmf8dss unique (email)
Hibernate: 
    alter table if exists fitness_user 
       add constraint UKka640gbkjnj296fik7wmf8dss unique (email)
2026-09-19T18:19:30.762+05:30 DEBUG 25588 --- [fitness-monolith] [           main] org.hibernate.SQL                        : 
    alter table if exists activity 
       add constraint fk_activity_user 
       foreign key (user_id) 
       references fitness_user
Hibernate: 
    alter table if exists activity 
       add constraint fk_activity_user 
       foreign key (user_id) 
       references fitness_user
2026-09-19T18:19:30.769+05:30 DEBUG 25588 --- [fitness-monolith] [           main] org.hibernate.SQL                        : 
    alter table if exists recommendation 
       add constraint fk_recommendation_activity 
       foreign key (activity_id) 
       references activity
Hibernate: 
    alter table if exists recommendation 
       add constraint fk_recommendation_activity 
       foreign key (activity_id) 
       references activity
2026-09-19T18:19:30.769+05:30 DEBUG 25588 --- [fitness-monolith] [           main] org.hibernate.SQL                        : 
    alter table if exists recommendation 
       add constraint fk_recommendation_user 
       foreign key (user_id) 
       references fitness_user
Hibernate: 
    alter table if exists recommendation 
       add constraint fk_recommendation_user 
       foreign key (user_id) 
       references fitness_user
2026-09-19T18:19:30.772+05:30  INFO 25588 --- [fitness-monolith] [           main] j.LocalContainerEntityManagerFactoryBean : Initialized JPA EntityManagerFactory for persistence unit 'default'
2026-09-19T18:19:31.279+05:30  WARN 25588 --- [fitness-monolith] [           main] JpaBaseConfiguration$JpaWebConfiguration : spring.jpa.open-in-view is enabled by default. Therefore, database queries may be performed during view rendering. Explicitly configure spring.jpa.open-in-view to disable this warning
2026-09-19T18:19:31.306+05:30  INFO 25588 --- [fitness-monolith] [           main] r$InitializeUserDetailsManagerConfigurer : Global AuthenticationManager configured with UserDetailsService bean with name customUserDetailsService
2026-09-19T18:19:31.452+05:30 DEBUG 25588 --- [fitness-monolith] [           main] s.w.s.m.m.a.RequestMappingHandlerMapping : 13 mappings in 'requestMappingHandlerMapping'
2026-09-19T18:19:31.570+05:30 DEBUG 25588 --- [fitness-monolith] [           main] o.s.w.s.handler.SimpleUrlHandlerMapping  : Patterns [/webjars/**, /**, /swagger-ui*/*swagger-initializer.js, /swagger-ui*/**] in 'resourceHandlerMapping'
2026-09-19T18:19:31.626+05:30 DEBUG 25588 --- [fitness-monolith] [           main] o.s.s.web.DefaultSecurityFilterChain     : Will secure any request with filters: DisableEncodeUrlFilter, WebAsyncManagerIntegrationFilter, SecurityContextHolderFilter, HeaderWriterFilter, LogoutFilter, JwtAuthenticationFilter, RequestCacheAwareFilter, SecurityContextHolderAwareRequestFilter, AnonymousAuthenticationFilter, ExceptionTranslationFilter, AuthorizationFilter
2026-09-19T18:19:31.836+05:30 DEBUG 25588 --- [fitness-monolith] [           main] s.w.s.m.m.a.RequestMappingHandlerAdapter : ControllerAdvice beans: 0 @ModelAttribute, 0 @InitBinder, 1 RequestBodyAdvice, 1 ResponseBodyAdvice
2026-09-19T18:19:31.887+05:30 DEBUG 25588 --- [fitness-monolith] [           main] .m.m.a.ExceptionHandlerExceptionResolver : ControllerAdvice beans: 2 @ExceptionHandler, 1 ResponseBodyAdvice
2026-09-19T18:19:32.070+05:30  INFO 25588 --- [fitness-monolith] [           main] c.p.f.FitnessMonolithApplicationTests    : Started FitnessMonolithApplicationTests in 4.517 seconds (process running for 5.41)
]]></system-out>
    <system-err><![CDATA[Mockito is currently self-attaching to enable the inline-mock-maker. This will no longer work in future releases of the JDK. Please add Mockito as an agent to your build what is described in Mockito's documentation: https://javadoc.io/doc/org.mockito/mockito-core/latest/org/mockito/Mockito.html#0.3
WARNING: A Java agent has been loaded dynamically (C:\Users\Nayan Mishra\.m2\repository\net\bytebuddy\byte-buddy-agent\1.15.11\byte-buddy-agent-1.15.11.jar)
WARNING: If a serviceability tool is in use, please run with -XX:+EnableDynamicAgentLoading to hide this warning
WARNING: If a serviceability tool is not in use, please run with -Djdk.instrument.traceUsage for more information
WARNING: Dynamic loading of agents will be disallowed by default in a future release
]]></system-err>
  </testcase>
</testsuite>